#
# There is insufficient memory for the Java Runtime Environment to continue.
# Native memory allocation (mmap) failed to map 268435456 bytes for Failed to commit area from 0x0000000700c00000 to 0x0000000710c00000 of length 268435456.
# Possible reasons:
#   The system is out of physical RAM or swap space
#   The process is running with CompressedOops enabled, and the Java Heap may be blocking the growth of the native heap
# Possible solutions:
#   Reduce memory load on the system
#   Increase physical memory or swap space
#   Check if swap backing store is full
#   Decrease Java heap size (-Xmx/-Xms)
#   Decrease number of Java threads
#   Decrease Java thread stack sizes (-Xss)
#   Set larger code cache with -XX:ReservedCodeCacheSize=
# This output file may be truncated or incomplete.
#
#  Out of Memory Error (./src/hotspot/os/windows/os_windows.cpp:3387), pid=20528, tid=19460
#
# JRE version:  (11.0.14.1+1) (build )
# Java VM: OpenJDK 64-Bit Server VM (11.0.14.1+1, mixed mode, sharing, tiered, compressed oops, g1 gc, windows-amd64)
# No core dump will be written. Minidumps are not enabled by default on client versions of Windows
#

---------------  S U M M A R Y ------------

Command Line: -Dfile.encoding=UTF-8 

Host: AMD Ryzen 5 3600 6-Core Processor              , 12 cores, 15G,  Windows 10 , 64 bit Build 19041 (10.0.19041.4597)
Time: Wed Jul 31 23:49:33 2024 Pakistan Standard Time elapsed time: 0.007998 seconds (0d 0h 0m 0s)

---------------  T H R E A D  ---------------

Current thread (0x000002658e358000):  JavaThread "Unknown thread" [_thread_in_vm, id=19460, stack(0x0000009e03700000,0x0000009e03800000)]

Stack: [0x0000009e03700000,0x0000009e03800000]
Native frames: (J=compiled Java code, j=interpreted, Vv=VM code, C=native code)
V  [jvm.dll+0x61e59a]
V  [jvm.dll+0x7aaca9]
V  [jvm.dll+0x7ac398]
V  [jvm.dll+0x7aca73]
V  [jvm.dll+0x24f9b8]
V  [jvm.dll+0x61b83a]
V  [jvm.dll+0x6100c5]
V  [jvm.dll+0x30772c]
V  [jvm.dll+0x3075b2]
V  [jvm.dll+0x30c2d6]
V  [jvm.dll+0x35272f]
V  [jvm.dll+0x352160]
V  [jvm.dll+0x2e4728]
V  [jvm.dll+0x2e5886]
V  [jvm.dll+0x784b07]
V  [jvm.dll+0x78628f]
V  [jvm.dll+0x35f479]
V  [jvm.dll+0x767aa0]
V  [jvm.dll+0x3ccf1f]
V  [jvm.dll+0x3cf2b1]
C  [jli.dll+0x5207]
C  [ucrtbase.dll+0x21bb2]
C  [KERNEL32.DLL+0x17374]
C  [ntdll.dll+0x4cc91]


---------------  P R O C E S S  ---------------

Threads class SMR info:
_java_thread_list=0x000002658c1e4c60, length=0, elements={
}

Java Threads: ( => current thread )

Other Threads:
  0x000002658c2bb000 GCTaskThread "GC Thread#0" [stack: 0x0000009e03800000,0x0000009e03900000] [id=21296]
  0x000002658e3c8800 ConcurrentGCThread "G1 Main Marker" [stack: 0x0000009e03900000,0x0000009e03a00000] [id=17444]
  0x000002658e3ce800 ConcurrentGCThread "G1 Conc#0" [stack: 0x0000009e03a00000,0x0000009e03b00000] [id=17992]

[error occurred during error reporting (printing all threads), id 0xc0000005, EXCEPTION_ACCESS_VIOLATION (0xc0000005) at pc=0x00007ffd0ed93ef7]

VM state:not at safepoint (not fully initialized)

VM Mutex/Monitor currently owned by a thread:  ([mutex/lock_event])
[0x000002658e3558c0] Heap_lock - owner thread: 0x000002658e358000

Heap address: 0x0000000700c00000, size: 4084 MB, Compressed Oops mode: Non-zero based: 0x0000000700c00000
Narrow klass base: 0x0000000000000000, Narrow klass shift: 0

GC Heap History (0 events):
No events

Deoptimization events (0 events):
No events

Classes redefined (0 events):
No events

Internal exceptions (0 events):
No events

Events (1 events):
Event: 0.005 Loaded shared library C:\Program Files\Unity\Hub\Editor\2022.3.20f1\Editor\Data\PlaybackEngines\AndroidPlayer\OpenJDK\bin\zip.dll


Dynamic libraries:
0x00007ff77dc70000 - 0x00007ff77dc7d000 	C:\Program Files\Unity\Hub\Editor\2022.3.20f1\Editor\Data\PlaybackEngines\AndroidPlayer\OpenJDK\bin\java.exe
0x00007ffd4f530000 - 0x00007ffd4f728000 	C:\WINDOWS\SYSTEM32\ntdll.dll
0x00007ffd4f3c0000 - 0x00007ffd4f481000 	C:\WINDOWS\System32\KERNEL32.DLL
0x00007ffd4ce30000 - 0x00007ffd4d126000 	C:\WINDOWS\System32\KERNELBASE.dll
0x00007ffd4cbe0000 - 0x00007ffd4cce0000 	C:\WINDOWS\System32\ucrtbase.dll
0x00007ffd23300000 - 0x00007ffd23315000 	C:\Program Files\Unity\Hub\Editor\2022.3.20f1\Editor\Data\PlaybackEngines\AndroidPlayer\OpenJDK\bin\VCRUNTIME140.dll
0x00007ffd23320000 - 0x00007ffd23337000 	C:\Program Files\Unity\Hub\Editor\2022.3.20f1\Editor\Data\PlaybackEngines\AndroidPlayer\OpenJDK\bin\jli.dll
0x00007ffd4f0d0000 - 0x00007ffd4f26f000 	C:\WINDOWS\System32\USER32.dll
0x00007ffd4d530000 - 0x00007ffd4d552000 	C:\WINDOWS\System32\win32u.dll
0x00007ffd4f4b0000 - 0x00007ffd4f4db000 	C:\WINDOWS\System32\GDI32.dll
0x00007ffd399f0000 - 0x00007ffd39c8a000 	C:\WINDOWS\WinSxS\amd64_microsoft.windows.common-controls_6595b64144ccf1df_6.0.19041.4355_none_60b8b9eb71f62e16\COMCTL32.dll
0x00007ffd4d380000 - 0x00007ffd4d497000 	C:\WINDOWS\System32\gdi32full.dll
0x00007ffd4ec70000 - 0x00007ffd4ed0e000 	C:\WINDOWS\System32\msvcrt.dll
0x00007ffd4d180000 - 0x00007ffd4d21d000 	C:\WINDOWS\System32\msvcp_win.dll
0x00007ffd4e940000 - 0x00007ffd4e96f000 	C:\WINDOWS\System32\IMM32.DLL
0x00007ffd13580000 - 0x00007ffd1361b000 	C:\Program Files\Unity\Hub\Editor\2022.3.20f1\Editor\Data\PlaybackEngines\AndroidPlayer\OpenJDK\bin\msvcp140.dll
0x00007ffd0eaa0000 - 0x00007ffd0f621000 	C:\Program Files\Unity\Hub\Editor\2022.3.20f1\Editor\Data\PlaybackEngines\AndroidPlayer\OpenJDK\bin\server\jvm.dll
0x00007ffd4db50000 - 0x00007ffd4dc00000 	C:\WINDOWS\System32\ADVAPI32.dll
0x00007ffd4df60000 - 0x00007ffd4e000000 	C:\WINDOWS\System32\sechost.dll
0x00007ffd4eb40000 - 0x00007ffd4ec63000 	C:\WINDOWS\System32\RPCRT4.dll
0x00007ffd4cce0000 - 0x00007ffd4cd07000 	C:\WINDOWS\System32\bcrypt.dll
0x00007ffd4e000000 - 0x00007ffd4e008000 	C:\WINDOWS\System32\PSAPI.DLL
0x00007ffd3a100000 - 0x00007ffd3a109000 	C:\WINDOWS\SYSTEM32\WSOCK32.dll
0x00007ffd3f040000 - 0x00007ffd3f067000 	C:\WINDOWS\SYSTEM32\WINMM.dll
0x00007ffd475b0000 - 0x00007ffd475ba000 	C:\WINDOWS\SYSTEM32\VERSION.dll
0x00007ffd4f2d0000 - 0x00007ffd4f33b000 	C:\WINDOWS\System32\WS2_32.dll
0x00007ffd4aa80000 - 0x00007ffd4aa92000 	C:\WINDOWS\SYSTEM32\kernel.appcore.dll
0x00007ffd233d0000 - 0x00007ffd233e0000 	C:\Program Files\Unity\Hub\Editor\2022.3.20f1\Editor\Data\PlaybackEngines\AndroidPlayer\OpenJDK\bin\verify.dll
0x00007ffd460d0000 - 0x00007ffd462b4000 	C:\WINDOWS\SYSTEM32\DBGHELP.DLL
0x00007ffd466a0000 - 0x00007ffd466d4000 	C:\WINDOWS\SYSTEM32\dbgcore.DLL
0x00007ffd4d4a0000 - 0x00007ffd4d522000 	C:\WINDOWS\System32\bcryptPrimitives.dll
0x00007ffd1ed30000 - 0x00007ffd1ed58000 	C:\Program Files\Unity\Hub\Editor\2022.3.20f1\Editor\Data\PlaybackEngines\AndroidPlayer\OpenJDK\bin\java.dll
0x00007ffd232f0000 - 0x00007ffd232fa000 	C:\Program Files\Unity\Hub\Editor\2022.3.20f1\Editor\Data\PlaybackEngines\AndroidPlayer\OpenJDK\bin\jimage.dll
0x00007ffd1d8b0000 - 0x00007ffd1d8c8000 	C:\Program Files\Unity\Hub\Editor\2022.3.20f1\Editor\Data\PlaybackEngines\AndroidPlayer\OpenJDK\bin\zip.dll

dbghelp: loaded successfully - version: 4.0.5 - missing functions: none
symbol engine: initialized successfully - sym options: 0x614 - pdb path: .;C:\Program Files\Unity\Hub\Editor\2022.3.20f1\Editor\Data\PlaybackEngines\AndroidPlayer\OpenJDK\bin;C:\WINDOWS\SYSTEM32;C:\WINDOWS\WinSxS\amd64_microsoft.windows.common-controls_6595b64144ccf1df_6.0.19041.4355_none_60b8b9eb71f62e16;C:\Program Files\Unity\Hub\Editor\2022.3.20f1\Editor\Data\PlaybackEngines\AndroidPlayer\OpenJDK\bin\server

VM Arguments:
jvm_args: -Dfile.encoding=UTF-8 
java_command: <unknown>
java_class_path (initial): <not set>
Launcher Type: SUN_STANDARD

[Global flags]
     intx CICompilerCount                          = 4                                         {product} {ergonomic}
     uint ConcGCThreads                            = 3                                         {product} {ergonomic}
     uint G1ConcRefinementThreads                  = 10                                        {product} {ergonomic}
   size_t G1HeapRegionSize                         = 1048576                                   {product} {ergonomic}
    uintx GCDrainStackTargetSize                   = 64                                        {product} {ergonomic}
   size_t InitialHeapSize                          = 268435456                                 {product} {ergonomic}
   size_t MarkStackSize                            = 4194304                                   {product} {ergonomic}
   size_t MaxHeapSize                              = 4282384384                                {product} {ergonomic}
   size_t MinHeapDeltaBytes                        = 1048576                                   {product} {ergonomic}
    uintx NonNMethodCodeHeapSize                   = 5836300                                {pd product} {ergonomic}
    uintx NonProfiledCodeHeapSize                  = 122910970                              {pd product} {ergonomic}
    uintx ProfiledCodeHeapSize                     = 122910970                              {pd product} {ergonomic}
    uintx ReservedCodeCacheSize                    = 251658240                              {pd product} {ergonomic}
     bool SegmentedCodeCache                       = true                                      {product} {ergonomic}
     bool UseCompressedClassPointers               = true                                 {lp64_product} {ergonomic}
     bool UseCompressedOops                        = true                                 {lp64_product} {ergonomic}
     bool UseG1GC                                  = true                                      {product} {ergonomic}
     bool UseLargePagesIndividualAllocation        = false                                  {pd product} {ergonomic}

Logging:
Log output configuration:
 #0: stdout all=warning uptime,level,tags
 #1: stderr all=off uptime,level,tags

Environment Variables:
JAVA_HOME=C:\Program Files\Unity\Hub\Editor\2022.3.20f1\Editor\Data\PlaybackEngines\AndroidPlayer\OpenJDK
JAVA_TOOL_OPTIONS=-Dfile.encoding=UTF-8
PATH=C:\Program Files (x86)\Razer Chroma SDK\bin;C:\Program Files\Razer Chroma SDK\bin;C:\Program Files (x86)\Razer\ChromaBroadcast\bin;C:\Program Files\Razer\ChromaBroadcast\bin;C:\Program Files (x86)\Common Files\Oracle\Java\javapath;C:\WINDOWS\system32;C:\WINDOWS;C:\WINDOWS\System32\Wbem;C:\WINDOWS\System32\WindowsPowerShell\v1.0\;C:\WINDOWS\System32\OpenSSH\;C:\Program Files (x86)\NVIDIA Corporation\PhysX\Common;C:\Program Files\NVIDIA Corporation\NVIDIA NvDLISR;C:\Program Files\Git\cmd;C:\Users\Xeon Computers\AppData\Local\Programs\Python\Python310\Scripts;C:\Users\Xeon Computers\AppData\Local\Programs\Python\Python310;C:\Users\Xeon Computers\AppData\Local\Microsoft\WindowsApps;C:\WINDOWS\system32\config\systemprofile\AppData\Local\Microsoft\WindowsApps;%SystemRoot%\system32;%SystemRoot%;%SystemRoot%\System32\Wbem;%SYSTEMROOT%\System32\WindowsPowerShell\v1.0\;%SYSTEMROOT%\System32\OpenSSH\;C:\Users\Xeon Computers\AppData\Local\Microsoft\WindowsApps;
USERNAME=Xeon Computers
OS=Windows_NT
PROCESSOR_IDENTIFIER=AMD64 Family 23 Model 113 Stepping 0, AuthenticAMD



---------------  S Y S T E M  ---------------

OS: Windows 10 , 64 bit Build 19041 (10.0.19041.4597)
OS uptime: 0 days 1:15 hours

CPU:total 12 (initial active 12) (12 cores per cpu, 2 threads per core) family 23 model 113 stepping 0 microcode 0x0, cmov, cx8, fxsr, mmx, sse, sse2, sse3, ssse3, sse4.1, sse4.2, popcnt, avx, avx2, aes, clmul, mmxext, 3dnowpref, lzcnt, sse4a, ht, tsc, tscinvbit, tscinv, bmi1, bmi2, adx, sha, fma

Memory: 4k page, system-wide physical 16328M (2842M free)
TotalPageFile size 19265M (AvailPageFile size 23M)
current process WorkingSet (physical memory assigned to process): 10M, peak: 10M
current process commit charge ("private bytes"): 65M, peak: 320M

vm_info: OpenJDK 64-Bit Server VM (11.0.14.1+1) for windows-amd64 JRE (11.0.14.1+1), built on Feb  9 2022 01:48:27 by "" with unknown MS VC++:1916

END.
